\BOOKMARK [1][-]{section.1}{\376\377\000P\000l\000a\000g\000i\000a\000r\000i\000s\000m\000\040\000s\000t\000a\000t\000e\000m\000e\000n\000t}{}% 1
\BOOKMARK [1][-]{section.2}{\376\377\000I\000n\000t\000r\000o\000d\000u\000c\000t\000i\000o\000n\000\040\000\050\000\040\0005\000\045\000\040\000o\000f\000\040\000t\000o\000t\000a\000l\000\040\000w\000o\000r\000d\000s\000\051}{}% 2
\BOOKMARK [1][-]{section.3}{\376\377\000P\000r\000o\000j\000e\000c\000t\000\040\000d\000e\000s\000c\000r\000i\000p\000t\000i\000o\000n\000\040\000\050\000\040\0001\0000\000\045\000\040\000o\000f\000\040\000t\000o\000t\000a\000l\000\040\000w\000o\000r\000d\000s\000\051\000\040}{}% 3
\BOOKMARK [2][-]{subsection.3.1}{\376\377\000D\000o\000m\000a\000i\000n\000s}{section.3}% 4
\BOOKMARK [3][-]{subsubsection.3.1.1}{\376\377\000S\000c\000i\000e\000n\000t\000i\000f\000i\000c\000\040}{subsection.3.1}% 5
\BOOKMARK [3][-]{subsubsection.3.1.2}{\376\377\000T\000e\000c\000h\000n\000i\000c\000a\000l}{subsection.3.1}% 6
\BOOKMARK [2][-]{subsection.3.2}{\376\377\000T\000a\000r\000g\000e\000t\000e\000d\000\040\000D\000e\000l\000i\000v\000e\000r\000a\000b\000l\000e\000s}{section.3}% 7
\BOOKMARK [3][-]{subsubsection.3.2.1}{\376\377\000S\000c\000i\000e\000n\000t\000i\000f\000i\000c\000\040\000d\000e\000l\000i\000v\000e\000r\000a\000b\000l\000e\000s}{subsection.3.2}% 8
\BOOKMARK [3][-]{subsubsection.3.2.2}{\376\377\000T\000e\000c\000h\000n\000i\000c\000a\000l\000\040\000d\000e\000l\000i\000v\000e\000r\000a\000b\000l\000e\000s}{subsection.3.2}% 9
\BOOKMARK [1][-]{section.4}{\376\377\000P\000r\000e\000-\000r\000e\000q\000u\000i\000s\000i\000t\000e\000s\000\040\000\050\000[\0005\000\045\000.\000.\0001\0000\000\045\000]\000\040\000o\000f\000\040\000t\000o\000t\000a\000l\000\040\000w\000o\000r\000d\000s\000\051}{}% 10
\BOOKMARK [2][-]{subsection.4.1}{\376\377\000S\000c\000i\000e\000n\000t\000i\000f\000i\000c\000\040\000p\000r\000e\000-\000r\000e\000q\000u\000i\000s\000i\000t\000e\000s}{section.4}% 11
\BOOKMARK [2][-]{subsection.4.2}{\376\377\000T\000e\000c\000h\000n\000i\000c\000a\000l\000\040\000p\000r\000e\000-\000r\000e\000q\000u\000i\000s\000i\000t\000e\000s}{section.4}% 12
\BOOKMARK [1][-]{section.5}{\376\377\000\040\000A\000\040\000S\000c\000i\000e\000n\000t\000i\000f\000i\000c\000\040\000D\000e\000l\000i\000v\000e\000r\000a\000b\000l\000e\000\040\0001}{}% 13
\BOOKMARK [2][-]{subsection.5.1}{\376\377\000R\000e\000q\000u\000i\000r\000e\000m\000e\000n\000t\000s\000\040\000\050\000\040\0001\0005\000\045\000\040\000o\000f\000\040\000s\000e\000c\000t\000i\000o\000n\000'\000s\000\040\000w\000o\000r\000d\000s\000\051}{section.5}% 14
\BOOKMARK [2][-]{subsection.5.2}{\376\377\000D\000e\000s\000i\000g\000n\000\040\000\050\000\040\0003\0000\000\045\000\040\000o\000f\000\040\000s\000e\000c\000t\000i\000o\000n\000'\000s\000\040\000w\000o\000r\000d\000s\000\051}{section.5}% 15
\BOOKMARK [2][-]{subsection.5.3}{\376\377\000P\000r\000o\000d\000u\000c\000t\000i\000o\000n\000\040\000\050\000\040\0004\0000\000\045\000\040\000o\000f\000\040\000s\000e\000c\000t\000i\000o\000n\000'\000s\000\040\000w\000o\000r\000d\000s\000\051}{section.5}% 16
\BOOKMARK [2][-]{subsection.5.4}{\376\377\000A\000s\000s\000e\000s\000s\000m\000e\000n\000t\000\040\000\050\000\040\0001\0005\000\045\000\040\000o\000f\000\040\000s\000e\000c\000t\000i\000o\000n\000'\000s\000\040\000w\000o\000r\000d\000s\000\051}{section.5}% 17
\BOOKMARK [1][-]{section.6}{\376\377\000\040\000A\000\040\000T\000e\000c\000h\000n\000i\000c\000a\000l\000\040\000D\000e\000l\000i\000v\000e\000r\000a\000b\000l\000e\000\040\0001}{}% 18
\BOOKMARK [2][-]{subsection.6.1}{\376\377\000R\000e\000q\000u\000i\000r\000e\000m\000e\000n\000t\000s\000\040\000\050\000\040\0001\0005\000\045\000\040\000o\000f\000\040\000s\000e\000c\000t\000i\000o\000n\000'\000s\000\040\000w\000o\000r\000d\000s\000\051}{section.6}% 19
\BOOKMARK [2][-]{subsection.6.2}{\376\377\000D\000e\000s\000i\000g\000n\000\040\000\050\000\040\0003\0000\000\045\000\040\000o\000f\000\040\000s\000e\000c\000t\000i\000o\000n\000'\000s\000\040\000w\000o\000r\000d\000s\000\051}{section.6}% 20
\BOOKMARK [2][-]{subsection.6.3}{\376\377\000P\000r\000o\000d\000u\000c\000t\000i\000o\000n\000\040\000\050\000\040\0004\0000\000\045\000\040\000o\000f\000\040\000s\000e\000c\000t\000i\000o\000n\000'\000s\000\040\000w\000o\000r\000d\000s\000\051}{section.6}% 21
\BOOKMARK [2][-]{subsection.6.4}{\376\377\000A\000s\000s\000e\000s\000s\000m\000e\000n\000t\000\040\000\050\000\040\0001\0005\000\045\000\040\000o\000f\000\040\000s\000e\000c\000t\000i\000o\000n\000'\000s\000\040\000w\000o\000r\000d\000s\000\051}{section.6}% 22
\BOOKMARK [1][-]{section.7}{\376\377\000C\000o\000n\000c\000l\000u\000s\000i\000o\000n}{}% 23
\BOOKMARK [1][-]{section*.2}{\376\377\000R\000e\000f\000e\000r\000e\000n\000c\000e\000s}{}% 24
\BOOKMARK [1][-]{section.8}{\376\377\000A\000p\000p\000e\000n\000d\000i\000x}{}% 25
